Sat May 24 11:46:50 UTC 2025
Sat May 24 11:47:00 UTC 2025
Sat May 24 11:57:37 UTC 2025
Sat May 24 11:57:52 UTC 2025
Sun May 25 02:30:46 UTC 2025
Mon May 26 02:25:28 UTC 2025
Tue May 27 02:20:43 UTC 2025
Wed May 28 02:22:53 UTC 2025
Thu May 29 02:22:32 UTC 2025
Fri May 30 02:20:24 UTC 2025
Sat May 31 02:19:14 UTC 2025
Sun Jun  1 02:50:21 UTC 2025
Mon Jun  2 02:28:53 UTC 2025
Tue Jun  3 02:25:00 UTC 2025
Wed Jun  4 02:25:13 UTC 2025
Thu Jun  5 02:23:38 UTC 2025
Fri Jun  6 02:23:19 UTC 2025
Sat Jun  7 02:21:40 UTC 2025
Sun Jun  8 02:33:46 UTC 2025
Mon Jun  9 02:30:59 UTC 2025
